0 info it worked if it ends with ok
1 verbose cli [ 'node', '/usr/local/bin/npm', 'version', 'patch' ]
2 info using npm@2.5.1
3 info using node@v0.12.0
4 info git [ 'status', '--porcelain' ]
5 verbose stack Error: Git working directory not clean.
5 verbose stack M package.json
5 verbose stack     at /usr/local/lib/node_modules/npm/lib/version.js:138:37
5 verbose stack     at ChildProcess.exithandler (child_process.js:735:7)
5 verbose stack     at ChildProcess.emit (events.js:110:17)
5 verbose stack     at maybeClose (child_process.js:1008:16)
5 verbose stack     at Socket.<anonymous> (child_process.js:1176:11)
5 verbose stack     at Socket.emit (events.js:107:17)
5 verbose stack     at Pipe.close (net.js:476:12)
6 verbose cwd /Users/umart40/xyz/projects/react-components/react-swipr
7 error Darwin 14.0.0
8 error argv "node" "/usr/local/bin/npm" "version" "patch"
9 error node v0.12.0
10 error npm  v2.5.1
11 error Git working directory not clean.
11 error M package.json
12 error If you need help, you may report this error at:
12 error     <http://github.com/npm/npm/issues>
13 verbose exit [ 1, true ]
